[debug] [2026-01-31T18:15:07.602Z] ----------------------------------------------------------------------
[debug] [2026-01-31T18:15:07.607Z] Command:       C:\Program Files\nodejs\node.exe C:\Users\rahul\AppData\Roaming\npm\node_modules\firebase-tools\lib\bin\firebase.js login
[debug] [2026-01-31T18:15:07.608Z] CLI Version:   15.5.1
[debug] [2026-01-31T18:15:07.608Z] Platform:      win32
[debug] [2026-01-31T18:15:07.608Z] Node Version:  v24.13.0
[debug] [2026-01-31T18:15:07.608Z] Time:          Sat Jan 31 2026 23:45:07 GMT+0530 (India Standard Time)
[debug] [2026-01-31T18:15:07.608Z] ----------------------------------------------------------------------
[debug] 
[debug] [2026-01-31T18:15:07.611Z] >>> [apiv2][query] GET https://firebase-public.firebaseio.com/cli.json [none]
[info] Already logged in as rahulkushwaha0126it211078@gmail.com
[debug] [2026-01-31T18:15:13.028Z] Error: Timed out.
    at Timeout._onTimeout (C:\Users\rahul\AppData\Roaming\npm\node_modules\firebase-tools\lib\utils.js:308:49)
    at listOnTimeout (node:internal/timers:605:17)
    at process.processTimers (node:internal/timers:541:7)
[error] 
[error] Error: An unexpected error has occurred.
[debug] [2026-01-31T18:15:33.064Z] ----------------------------------------------------------------------
[debug] [2026-01-31T18:15:33.068Z] Command:       C:\Program Files\nodejs\node.exe C:\Users\rahul\AppData\Roaming\npm\node_modules\firebase-tools\lib\bin\firebase.js init hosting
[debug] [2026-01-31T18:15:33.068Z] CLI Version:   15.5.1
[debug] [2026-01-31T18:15:33.068Z] Platform:      win32
[debug] [2026-01-31T18:15:33.068Z] Node Version:  v24.13.0
[debug] [2026-01-31T18:15:33.069Z] Time:          Sat Jan 31 2026 23:45:33 GMT+0530 (India Standard Time)
[debug] [2026-01-31T18:15:33.069Z] ----------------------------------------------------------------------
[debug] 
[debug] [2026-01-31T18:15:33.071Z] >>> [apiv2][query] GET https://firebase-public.firebaseio.com/cli.json [none]
[info] 
     ######## #### ########  ######## ########     ###     ######  ########
     ##        ##  ##     ## ##       ##     ##  ##   ##  ##       ##
     ######    ##  ########  ######   ########  #########  ######  ######
     ##        ##  ##    ##  ##       ##     ## ##     ##       ## ##
     ##       #### ##     ## ######## ########  ##     ##  ######  ########

You're about to initialize a Firebase project in this directory:

  D:\All project CSS\Small project Html-CSS\Project 4 pokemone login page

[debug] [2026-01-31T18:15:36.226Z] <<< [apiv2][status] GET https://firebase-public.firebaseio.com/cli.json 200
[debug] [2026-01-31T18:15:36.226Z] <<< [apiv2][body] GET https://firebase-public.firebaseio.com/cli.json {"cloudBuildErrorAfter":1594252800000,"cloudBuildWarnAfter":1590019200000,"defaultNode10After":1594252800000,"minVersion":"3.0.5","node8DeploysDisabledAfter":1613390400000,"node8RuntimeDisabledAfter":1615809600000,"node8WarnAfter":1600128000000}
[debug] [2026-01-31T18:22:08.621Z] ExitPromptError: User force closed the prompt with SIGINT
    at Interface.sigint (C:\Users\rahul\AppData\Roaming\npm\node_modules\firebase-tools\node_modules\@inquirer\core\dist\commonjs\lib\create-prompt.js:101:37)
    at Interface.emit (node:events:508:28)
    at [_ttyWrite] [as _ttyWrite] (node:internal/readline/interface:1327:18)
    at ReadStream.onkeypress (node:internal/readline/interface:284:20)
    at ReadStream.emit (node:events:520:35)
    at emitKeys (node:internal/readline/utils:371:14)
    at emitKeys.next (<anonymous>)
    at ReadStream.onData (node:internal/readline/emitKeypressEvents:64:36)
    at ReadStream.emit (node:events:508:28)
    at addChunk (node:internal/streams/readable:559:12)
[error] 
[error] Error: An unexpected error has occurred.
[debug] [2026-01-31T18:24:16.677Z] ----------------------------------------------------------------------
[debug] [2026-01-31T18:24:16.681Z] Command:       C:\Program Files\nodejs\node.exe C:\Users\rahul\AppData\Roaming\npm\node_modules\firebase-tools\lib\bin\firebase.js init hosting
[debug] [2026-01-31T18:24:16.682Z] CLI Version:   15.5.1
[debug] [2026-01-31T18:24:16.682Z] Platform:      win32
[debug] [2026-01-31T18:24:16.682Z] Node Version:  v24.13.0
[debug] [2026-01-31T18:24:16.682Z] Time:          Sat Jan 31 2026 23:54:16 GMT+0530 (India Standard Time)
[debug] [2026-01-31T18:24:16.682Z] ----------------------------------------------------------------------
[debug] 
[info] 
     ######## #### ########  ######## ########     ###     ######  ########
     ##        ##  ##     ## ##       ##     ##  ##   ##  ##       ##
     ######    ##  ########  ######   ########  #########  ######  ######
     ##        ##  ##    ##  ##       ##     ## ##     ##       ## ##
     ##       #### ##     ## ######## ########  ##     ##  ######  ########

You're about to initialize a Firebase project in this directory:

  D:\All project CSS\Small project Html-CSS\Project 4 pokemone login page

[debug] [2026-01-31T18:27:29.383Z] Error: Timed out.
    at Timeout._onTimeout (C:\Users\rahul\AppData\Roaming\npm\node_modules\firebase-tools\lib\utils.js:308:49)
    at listOnTimeout (node:internal/timers:605:17)
    at process.processTimers (node:internal/timers:541:7)
[error] 
[error] Error: An unexpected error has occurred.
